2025-08-20 19:02:18 | INFO     | __main__:test_indeed_scraper:19 - Starting Indeed scraper test
2025-08-20 19:02:18 | INFO     | data_collection.base_scraper:__init__:86 - Initialized Indeed scraper
2025-08-20 19:02:18 | INFO     | __main__:test_indeed_scraper:29 - Testing job search...
2025-08-20 19:02:30 | INFO     | data_collection.base_scraper:cleanup:205 - Session closed for Indeed
2025-08-20 19:02:30 | ERROR    | __main__:test_indeed_scraper:53 - Test failed: Message: unknown error: cannot find Chrome binary
Stacktrace:
Backtrace:
	GetHandleVerifier [0x00BBA813+48355]
	(No symbol) [0x00B4C4B1]
	(No symbol) [0x00A55358]
	(No symbol) [0x00A71A9E]
	(No symbol) [0x00A70579]
	(No symbol) [0x00AA0C55]
	(No symbol) [0x00AA093C]
	(No symbol) [0x00A9A536]
	(No symbol) [0x00A782DC]
	(No symbol) [0x00A793DD]
	GetHandleVerifier [0x00E1AABD+2539405]
	GetHandleVerifier [0x00E5A78F+2800735]
	GetHandleVerifier [0x00E5456C+2775612]
	GetHandleVerifier [0x00C451E0+616112]
	(No symbol) [0x00B55F8C]
	(No symbol) [0x00B52328]
	(No symbol) [0x00B5240B]
	(No symbol) [0x00B44FF7]
	BaseThreadInitThunk [0x75BF5D49+25]
	RtlInitializeExceptionChain [0x76F9D6DB+107]
	RtlGetAppContainerNamedObjectPath [0x76F9D661+561]

2025-08-20 19:07:54 | INFO     | __main__:test_indeed_scraper:19 - Starting Indeed scraper test
2025-08-20 19:07:54 | INFO     | data_collection.base_scraper:__init__:86 - Initialized Indeed scraper
2025-08-20 19:07:54 | INFO     | __main__:test_indeed_scraper:29 - Testing job search...
2025-08-20 19:08:08 | INFO     | data_collection.base_scraper:setup_driver:112 - WebDriver initialized for Indeed
2025-08-20 19:08:08 | INFO     | data_collection.scrapers.indeed_scraper:search_jobs:46 - Searching Indeed page 1: https://www.indeed.com/jobs?q=data+analyst+OR+business+analyst+OR+business+intelligence+analyst+OR+senior+data+analyst+OR+senior+business+analyst+OR+senior+business+intelligence+analyst&l=Remote&start=0&sort=date
2025-08-20 19:08:09 | DEBUG    | data_collection.base_scraper:random_delay:120 - Sleeping for 2.95 seconds
2025-08-20 19:08:13 | INFO     | data_collection.scrapers.indeed_scraper:search_jobs:79 - Found 16 jobs on page 1, total: 16
2025-08-20 19:08:16 | INFO     | data_collection.scrapers.indeed_scraper:search_jobs:99 - Indeed search completed. Found 3 job URLs
2025-08-20 19:08:16 | INFO     | __main__:test_indeed_scraper:31 - Found 3 job URLs
2025-08-20 19:08:16 | INFO     | __main__:test_indeed_scraper:34 - Testing job details scraping...
2025-08-20 19:08:16 | WARNING  | data_collection.base_scraper:make_request:135 - Request failed for https://www.indeed.com/viewjob?jk=070a300362b66166 (attempt 1/4): 403 Client Error: Forbidden for url: https://www.indeed.com/viewjob?jk=070a300362b66166
2025-08-20 19:08:16 | DEBUG    | data_collection.base_scraper:random_delay:120 - Sleeping for 4.47 seconds
2025-08-20 19:08:21 | WARNING  | data_collection.base_scraper:make_request:135 - Request failed for https://www.indeed.com/viewjob?jk=070a300362b66166 (attempt 2/4): 403 Client Error: Forbidden for url: https://www.indeed.com/viewjob?jk=070a300362b66166
2025-08-20 19:08:21 | DEBUG    | data_collection.base_scraper:random_delay:120 - Sleeping for 2.97 seconds
2025-08-20 19:08:25 | WARNING  | data_collection.base_scraper:make_request:135 - Request failed for https://www.indeed.com/viewjob?jk=070a300362b66166 (attempt 3/4): 403 Client Error: Forbidden for url: https://www.indeed.com/viewjob?jk=070a300362b66166
2025-08-20 19:08:25 | DEBUG    | data_collection.base_scraper:random_delay:120 - Sleeping for 4.02 seconds
2025-08-20 19:08:29 | WARNING  | data_collection.base_scraper:make_request:135 - Request failed for https://www.indeed.com/viewjob?jk=070a300362b66166 (attempt 4/4): 403 Client Error: Forbidden for url: https://www.indeed.com/viewjob?jk=070a300362b66166
2025-08-20 19:08:29 | ERROR    | data_collection.base_scraper:make_request:139 - Failed to fetch https://www.indeed.com/viewjob?jk=070a300362b66166 after 4 attempts
2025-08-20 19:08:29 | WARNING  | __main__:test_indeed_scraper:48 - Failed to scrape job details
2025-08-20 19:08:46 | INFO     | data_collection.base_scraper:cleanup:201 - WebDriver closed for Indeed
2025-08-20 19:08:46 | INFO     | data_collection.base_scraper:cleanup:205 - Session closed for Indeed
2025-08-20 19:10:42 | INFO     | __main__:test_indeed_scraper:19 - Starting Indeed scraper test
2025-08-20 19:10:42 | INFO     | data_collection.base_scraper:__init__:86 - Initialized Indeed scraper
2025-08-20 19:10:42 | INFO     | __main__:test_indeed_scraper:29 - Testing job search...
2025-08-20 19:10:46 | INFO     | data_collection.base_scraper:setup_driver:112 - WebDriver initialized for Indeed
2025-08-20 19:10:46 | INFO     | data_collection.scrapers.indeed_scraper:search_jobs:46 - Searching Indeed page 1: https://www.indeed.com/jobs?q=data+analyst+OR+business+analyst+OR+business+intelligence+analyst+OR+senior+data+analyst+OR+senior+business+analyst+OR+senior+business+intelligence+analyst&l=Remote&start=0&sort=date
2025-08-20 19:10:48 | DEBUG    | data_collection.base_scraper:random_delay:120 - Sleeping for 3.96 seconds
2025-08-20 19:10:52 | INFO     | data_collection.scrapers.indeed_scraper:search_jobs:79 - Found 16 jobs on page 1, total: 16
2025-08-20 19:10:54 | INFO     | data_collection.scrapers.indeed_scraper:search_jobs:99 - Indeed search completed. Found 3 job URLs
2025-08-20 19:10:54 | INFO     | __main__:test_indeed_scraper:31 - Found 3 job URLs
2025-08-20 19:10:54 | INFO     | __main__:test_indeed_scraper:34 - Testing job details scraping...
2025-08-20 19:10:58 | INFO     | data_collection.base_scraper:setup_driver:112 - WebDriver initialized for Indeed
2025-08-20 19:10:59 | DEBUG    | data_collection.base_scraper:random_delay:120 - Sleeping for 2.88 seconds
2025-08-20 19:11:04 | INFO     | __main__:test_indeed_scraper:39 - Successfully scraped job:
2025-08-20 19:11:04 | INFO     | __main__:test_indeed_scraper:40 -   Title: Data Analyst
2025-08-20 19:11:04 | INFO     | __main__:test_indeed_scraper:41 -   Company: CSSI, Inc.
2025-08-20 19:11:04 | INFO     | __main__:test_indeed_scraper:42 -   Location: 
2025-08-20 19:11:04 | INFO     | __main__:test_indeed_scraper:43 -   Salary: None
2025-08-20 19:11:04 | INFO     | __main__:test_indeed_scraper:44 -   Remote: True
2025-08-20 19:11:04 | INFO     | __main__:test_indeed_scraper:45 -   URL: https://www.indeed.com/viewjob?jk=70e75f78f473edc5
2025-08-20 19:11:04 | INFO     | __main__:test_indeed_scraper:46 -   Description (first 500 chars): JOB TITLE: Data AnalystJOB DESCRIPTION: Responsible for supporting Federal Aviation Administrative (FAA) initiatives through dataanalytics that involve the following duties:Software development and database management, with responsibilities including: utilizing Python, Java and/or high-level languages such as C#, C++ in database; utilizing FAA flight and trajectory databases such as Aviation System Performance Metrics (ASPM), Traffic Flow Management System (TFMS), Performance Data Analysis and R...
2025-08-20 19:11:21 | INFO     | data_collection.base_scraper:cleanup:201 - WebDriver closed for Indeed
2025-08-20 19:11:21 | INFO     | data_collection.base_scraper:cleanup:205 - Session closed for Indeed
